Added Component: Designator=A1(TO-220AB)
Add component. Clean all parameters for all variants
Add component (AddParameter): Name = "Cijena"; Value = "4.68 kn"; VariantName = "[No Variations]"
Add component (AddParameter): Name = "Katalog dobavljaèa"; Value = "Farnell"; VariantName = "[No Variations]"
Add component (AddParameter): Name = "Kataloški broj"; Value = "2075448"; VariantName = "[No Variations]"
Add component (AddParameter): Name = "Opis komponente"; Value = "Linear Voltage Regulator, 7805, Fixed, 7V To 25V In, 5V And 1.5A Out"; VariantName = "[No Variations]"
Add component (AddParameter): Name = "PackageReference"; Value = "D2PAK"; VariantName = "[No Variations]"
Add component (AddParameter): Name = "Proizvoðaè"; Value = "TEXAS INSTRUMENTS"; VariantName = "[No Variations]"
Added Component: Designator=C1(RB7.6-15)
Add component. Clean all parameters for all variants
Add component (AddParameter): Name = "Cijena"; Value = "2.73 kn"; VariantName = "[No Variations]"
Add component (AddParameter): Name = "Katalog dobavljaèa"; Value = "Farnell"; VariantName = "[No Variations]"
Add component (AddParameter): Name = "Kataloški broj"; Value = "3322208"; VariantName = "[No Variations]"
Add component (AddParameter): Name = "Opis komponente"; Value = "CERAMIC CAPACITOR, 1UF, 25V, Y5V, +80,-20%, RADIAL"; VariantName = "[No Variations]"
Add component (AddParameter): Name = "PackageReference"; Value = "RB7.6-15"; VariantName = "[No Variations]"
Add component (AddParameter): Name = "Proizvoðaè"; Value = "VISHAY"; VariantName = "[No Variations]"
Add component (AddParameter): Name = "Value"; Value = "1u"; VariantName = "[No Variations]"
Added Component: Designator=C2(RAD-0.3)
Add component. Clean all parameters for all variants
Add component (AddParameter): Name = "Cijena"; Value = "2.06 kn"; VariantName = "[No Variations]"
Add component (AddParameter): Name = "Katalog dobavljaèa"; Value = "Farnell"; VariantName = "[No Variations]"
Add component (AddParameter): Name = "Kataloški broj"; Value = "1457699"; VariantName = "[No Variations]"
Add component (AddParameter): Name = "Opis komponente"; Value = "Multilayer Ceramic Capacitor, Gold Max, 0.1 µF, 50 V, Goldmax, 300 Series, ± 10%, Radial Leaded"; VariantName = "[No Variations]"
Add component (AddParameter): Name = "PackageReference"; Value = "RAD-0.3"; VariantName = "[No Variations]"
Add component (AddParameter): Name = "Proizvoðaè"; Value = "KEMET"; VariantName = "[No Variations]"
Add component (AddParameter): Name = "Value"; Value = "100n"; VariantName = "[No Variations]"
Added Component: Designator=C101(RAD-0.3)
Add component. Clean all parameters for all variants
Add component (AddParameter): Name = "Cijena"; Value = "2.06 kn"; VariantName = "[No Variations]"
Add component (AddParameter): Name = "Katalog dobavljaèa"; Value = "Farnell"; VariantName = "[No Variations]"
Add component (AddParameter): Name = "Kataloški broj"; Value = "1457699"; VariantName = "[No Variations]"
Add component (AddParameter): Name = "Opis komponente"; Value = "Multilayer Ceramic Capacitor, Gold Max, 0.1 µF, 50 V, Goldmax, 300 Series, ± 10%, Radial Leaded"; VariantName = "[No Variations]"
Add component (AddParameter): Name = "PackageReference"; Value = "RAD-0.3"; VariantName = "[No Variations]"
Add component (AddParameter): Name = "Proizvoðaè"; Value = "KEMET"; VariantName = "[No Variations]"
Add component (AddParameter): Name = "Value"; Value = "100n"; VariantName = "[No Variations]"
Added Component: Designator=C102(RAD-0.3)
Add component. Clean all parameters for all variants
Add component (AddParameter): Name = "Cijena"; Value = "2.06 kn"; VariantName = "[No Variations]"
Add component (AddParameter): Name = "Katalog dobavljaèa"; Value = "Farnell"; VariantName = "[No Variations]"
Add component (AddParameter): Name = "Kataloški broj"; Value = "1457699"; VariantName = "[No Variations]"
Add component (AddParameter): Name = "Opis komponente"; Value = "Multilayer Ceramic Capacitor, Gold Max, 0.1 µF, 50 V, Goldmax, 300 Series, ± 10%, Radial Leaded"; VariantName = "[No Variations]"
Add component (AddParameter): Name = "PackageReference"; Value = "RAD-0.3"; VariantName = "[No Variations]"
Add component (AddParameter): Name = "Proizvoðaè"; Value = "KEMET"; VariantName = "[No Variations]"
Add component (AddParameter): Name = "Value"; Value = "100n"; VariantName = "[No Variations]"
Added Component: Designator=C103(RAD-0.3)
Add component. Clean all parameters for all variants
Add component (AddParameter): Name = "Cijena"; Value = "2.06 kn"; VariantName = "[No Variations]"
Add component (AddParameter): Name = "Katalog dobavljaèa"; Value = "Farnell"; VariantName = "[No Variations]"
Add component (AddParameter): Name = "Kataloški broj"; Value = "1457699"; VariantName = "[No Variations]"
Add component (AddParameter): Name = "Opis komponente"; Value = "Multilayer Ceramic Capacitor, Gold Max, 0.1 µF, 50 V, Goldmax, 300 Series, ± 10%, Radial Leaded"; VariantName = "[No Variations]"
Add component (AddParameter): Name = "PackageReference"; Value = "RAD-0.3"; VariantName = "[No Variations]"
Add component (AddParameter): Name = "Proizvoðaè"; Value = "KEMET"; VariantName = "[No Variations]"
Add component (AddParameter): Name = "Value"; Value = "100n"; VariantName = "[No Variations]"
Added Component: Designator=C104(RAD-0.3)
Add component. Clean all parameters for all variants
Add component (AddParameter): Name = "Cijena"; Value = "2.06 kn"; VariantName = "[No Variations]"
Add component (AddParameter): Name = "Katalog dobavljaèa"; Value = "Farnell"; VariantName = "[No Variations]"
Add component (AddParameter): Name = "Kataloški broj"; Value = "1457699"; VariantName = "[No Variations]"
Add component (AddParameter): Name = "Opis komponente"; Value = "Multilayer Ceramic Capacitor, Gold Max, 0.1 µF, 50 V, Goldmax, 300 Series, ± 10%, Radial Leaded"; VariantName = "[No Variations]"
Add component (AddParameter): Name = "PackageReference"; Value = "RAD-0.3"; VariantName = "[No Variations]"
Add component (AddParameter): Name = "Proizvoðaè"; Value = "KEMET"; VariantName = "[No Variations]"
Add component (AddParameter): Name = "Value"; Value = "100n"; VariantName = "[No Variations]"
Added Component: Designator=C105(RB7.6-15)
Add component. Clean all parameters for all variants
Add component (AddParameter): Name = "Cijena"; Value = "5.35 kn"; VariantName = "[No Variations]"
Add component (AddParameter): Name = "Katalog dobavljaèa"; Value = "Farnell"; VariantName = "[No Variations]"
Add component (AddParameter): Name = "Kataloški broj"; Value = "9708200"; VariantName = "[No Variations]"
Add component (AddParameter): Name = "Opis komponente"; Value = "Tantalum Capacitor, Epoxy-Coated, 10 µF, 6.3 V, MCCB Series, ± 20%, Radial Leaded, 5.1 mm"; VariantName = "[No Variations]"
Add component (AddParameter): Name = "Proizvoðaè"; Value = "MULTICOMP"; VariantName = "[No Variations]"
Add component (AddParameter): Name = "Value"; Value = "10u"; VariantName = "[No Variations]"
Added Component: Designator=C106(RB7.6-15)
Add component. Clean all parameters for all variants
Add component (AddParameter): Name = "Cijena"; Value = "1.77 kn"; VariantName = "[No Variations]"
Add component (AddParameter): Name = "Katalog dobavljaèa"; Value = "Farnell"; VariantName = "[No Variations]"
Add component (AddParameter): Name = "Kataloški broj"; Value = "2068653"; VariantName = "[No Variations]"
Add component (AddParameter): Name = "Opis komponente"; Value = "SMD Aluminium Electrolytic Capacitor, Radial Can - SMD, 100 µF, 16 V, EDK Series"; VariantName = "[No Variations]"
Add component (AddParameter): Name = "Proizvoðaè"; Value = "KEMET"; VariantName = "[No Variations]"
Add component (AddParameter): Name = "Value"; Value = "100u"; VariantName = "[No Variations]"
Added Component: Designator=C107(RB7.6-15)
Add component. Clean all parameters for all variants
Add component (AddParameter): Name = "Cijena"; Value = "5.25 kn"; VariantName = "[No Variations]"
Add component (AddParameter): Name = "Katalog dobavljaèa"; Value = "Farnell"; VariantName = "[No Variations]"
Add component (AddParameter): Name = "Kataloški broj"; Value = "9695796"; VariantName = "[No Variations]"
Add component (AddParameter): Name = "Opis komponente"; Value = "SMD Aluminium Electrolytic Capacitor, Radial Can - SMD, 330 µF, 25 V, FK Series"; VariantName = "[No Variations]"
Add component (AddParameter): Name = "Proizvoðaè"; Value = "PANASONIC"; VariantName = "[No Variations]"
Add component (AddParameter): Name = "Value"; Value = "330u"; VariantName = "[No Variations]"
Added Component: Designator=D1(DIP-8)
Add component. Clean all parameters for all variants
Add component (AddParameter): Name = "Cijena"; Value = "7.05 kn"; VariantName = "[No Variations]"
Add component (AddParameter): Name = "Katalog dobavljaèa"; Value = "Farnell"; VariantName = "[No Variations]"
Add component (AddParameter): Name = "Kataloški broj"; Value = "1564692"; VariantName = "[No Variations]"
Add component (AddParameter): Name = "Opis komponente"; Value = "Timer, Oscillator & Pulse Generator IC"; VariantName = "[No Variations]"
Add component (AddParameter): Name = "Proizvoðaè"; Value = "TEXAS INSTRUMENTS"; VariantName = "[No Variations]"
Added Component: Designator=D2(DIP-16)
Add component. Clean all parameters for all variants
Add component (AddParameter): Name = "Cijena"; Value = "3.14 kn"; VariantName = "[No Variations]"
Add component (AddParameter): Name = "Katalog dobavljaèa"; Value = "Farnell"; VariantName = "[No Variations]"
Add component (AddParameter): Name = "Kataloški broj"; Value = "1470793"; VariantName = "[No Variations]"
Add component (AddParameter): Name = "Opis komponente"; Value = "Binary Synchronous Up / Down Counter"; VariantName = "[No Variations]"
Add component (AddParameter): Name = "Proizvoðaè"; Value = "TEXAS INSTRUMENTS"; VariantName = "[No Variations]"
Added Component: Designator=D3(DIP-14)
Add component. Clean all parameters for all variants
Add component (AddParameter): Name = "Cijena"; Value = "3.51 kn"; VariantName = "[No Variations]"
Add component (AddParameter): Name = "Katalog dobavljaèa"; Value = "Farnell"; VariantName = "[No Variations]"
Add component (AddParameter): Name = "Kataloški broj"; Value = "2136906"; VariantName = "[No Variations]"
Add component (AddParameter): Name = "Opis komponente"; Value = "ANALOG SWITCH"; VariantName = "[No Variations]"
Add component (AddParameter): Name = "Proizvoðaè"; Value = "TEXAS INSTRUMENTS"; VariantName = "[No Variations]"
Added Component: Designator=D4(DIP-14)
Add component. Clean all parameters for all variants
Add component (AddParameter): Name = "Cijena"; Value = "3.51 kn"; VariantName = "[No Variations]"
Add component (AddParameter): Name = "Katalog dobavljaèa"; Value = "Farnell"; VariantName = "[No Variations]"
Add component (AddParameter): Name = "Kataloški broj"; Value = "2136906"; VariantName = "[No Variations]"
Add component (AddParameter): Name = "Opis komponente"; Value = "ANALOG SWITCH"; VariantName = "[No Variations]"
Add component (AddParameter): Name = "Proizvoðaè"; Value = "TEXAS INSTRUMENTS"; VariantName = "[No Variations]"
Added Component: Designator=R1(AXIAL-0.4)
Add component. Clean all parameters for all variants
Add component (AddParameter): Name = "Cijena"; Value = "0.26 kn"; VariantName = "[No Variations]"
Add component (AddParameter): Name = "Katalog dobavljaèa"; Value = "Farnell"; VariantName = "[No Variations]"
Add component (AddParameter): Name = "Kataloški broj"; Value = "9341340"; VariantName = "[No Variations]"
Add component (AddParameter): Name = "Opis komponente"; Value = "Through Hole Resistor, 150 kohm, MF25 Series, 250 mW, ± 1%, Axial Leaded, 250 V"; VariantName = "[No Variations]"
Add component (AddParameter): Name = "PackageReference"; Value = "AXIAL-0.4"; VariantName = "[No Variations]"
Add component (AddParameter): Name = "Proizvoðaè"; Value = "MULTICOMP"; VariantName = "[No Variations]"
Add component (AddParameter): Name = "Value"; Value = "150K"; VariantName = "[No Variations]"
Added Component: Designator=R2(AXIAL-0.4)
Add component. Clean all parameters for all variants
Add component (AddParameter): Name = "Cijena"; Value = "0.26 kn"; VariantName = "[No Variations]"
Add component (AddParameter): Name = "Katalog dobavljaèa"; Value = "Farnell"; VariantName = "[No Variations]"
Add component (AddParameter): Name = "Kataloški broj"; Value = "9341765"; VariantName = "[No Variations]"
Add component (AddParameter): Name = "Opis komponente"; Value = "Through Hole Resistor, 330 kohm, MF25 Series, 250 mW, ± 1%, Axial Leaded, 250 V"; VariantName = "[No Variations]"
Add component (AddParameter): Name = "PackageReference"; Value = "AXIAL-0.4"; VariantName = "[No Variations]"
Add component (AddParameter): Name = "Proizvoðaè"; Value = "MULTICOMP"; VariantName = "[No Variations]"
Add component (AddParameter): Name = "Value"; Value = "330K"; VariantName = "[No Variations]"
Added Component: Designator=R3(AXIAL-0.4)
Add component. Clean all parameters for all variants
Add component (AddParameter): Name = "Cijena"; Value = "0.26 kn"; VariantName = "[No Variations]"
Add component (AddParameter): Name = "Katalog dobavljaèa"; Value = "Farnell"; VariantName = "[No Variations]"
Add component (AddParameter): Name = "Kataloški broj"; Value = "9342052"; VariantName = "[No Variations]"
Add component (AddParameter): Name = "Opis komponente"; Value = "Through Hole Resistor, 560 ohm, MF25 Series, 250 mW, ± 1%, Axial Leaded, 250 V"; VariantName = "[No Variations]"
Add component (AddParameter): Name = "PackageReference"; Value = "AXIAL-0.4"; VariantName = "[No Variations]"
Add component (AddParameter): Name = "Proizvoðaè"; Value = "MULTICOMP"; VariantName = "[No Variations]"
Add component (AddParameter): Name = "Value"; Value = "560"; VariantName = "[No Variations]"
Added Component: Designator=R4(AXIAL-0.4)
Add component. Clean all parameters for all variants
Add component (AddParameter): Name = "Cijena"; Value = "0.26 kn"; VariantName = "[No Variations]"
Add component (AddParameter): Name = "Katalog dobavljaèa"; Value = "Farnell"; VariantName = "[No Variations]"
Add component (AddParameter): Name = "Kataloški broj"; Value = "9342052"; VariantName = "[No Variations]"
Add component (AddParameter): Name = "Opis komponente"; Value = "Through Hole Resistor, 560 ohm, MF25 Series, 250 mW, ± 1%, Axial Leaded, 250 V"; VariantName = "[No Variations]"
Add component (AddParameter): Name = "PackageReference"; Value = "AXIAL-0.4"; VariantName = "[No Variations]"
Add component (AddParameter): Name = "Proizvoðaè"; Value = "MULTICOMP"; VariantName = "[No Variations]"
Add component (AddParameter): Name = "Value"; Value = "560"; VariantName = "[No Variations]"
Added Component: Designator=R5(AXIAL-0.4)
Add component. Clean all parameters for all variants
Add component (AddParameter): Name = "Cijena"; Value = "0.26 kn"; VariantName = "[No Variations]"
Add component (AddParameter): Name = "Katalog dobavljaèa"; Value = "Farnell"; VariantName = "[No Variations]"
Add component (AddParameter): Name = "Kataloški broj"; Value = "9342052"; VariantName = "[No Variations]"
Add component (AddParameter): Name = "Opis komponente"; Value = "Through Hole Resistor, 560 ohm, MF25 Series, 250 mW, ± 1%, Axial Leaded, 250 V"; VariantName = "[No Variations]"
Add component (AddParameter): Name = "PackageReference"; Value = "AXIAL-0.4"; VariantName = "[No Variations]"
Add component (AddParameter): Name = "Proizvoðaè"; Value = "MULTICOMP"; VariantName = "[No Variations]"
Add component (AddParameter): Name = "Value"; Value = "560"; VariantName = "[No Variations]"
Added Component: Designator=R6(AXIAL-0.4)
Add component. Clean all parameters for all variants
Add component (AddParameter): Name = "Cijena"; Value = "0.26 kn"; VariantName = "[No Variations]"
Add component (AddParameter): Name = "Katalog dobavljaèa"; Value = "Farnell"; VariantName = "[No Variations]"
Add component (AddParameter): Name = "Kataloški broj"; Value = "9341102"; VariantName = "[No Variations]"
Add component (AddParameter): Name = "Opis komponente"; Value = "Through Hole Resistor, 1 kohm, MF25 Series, 250 mW, ± 1%, Axial Leaded, 250 V"; VariantName = "[No Variations]"
Add component (AddParameter): Name = "PackageReference"; Value = "AXIAL-0.4"; VariantName = "[No Variations]"
Add component (AddParameter): Name = "Proizvoðaè"; Value = "MULTICOMP "; VariantName = "[No Variations]"
Add component (AddParameter): Name = "Value"; Value = "1K"; VariantName = "[No Variations]"
Added Component: Designator=R7(AXIAL-0.4)
Add component. Clean all parameters for all variants
Add component (AddParameter): Name = "Cijena"; Value = "0.26 kn"; VariantName = "[No Variations]"
Add component (AddParameter): Name = "Katalog dobavljaèa"; Value = "Farnell"; VariantName = "[No Variations]"
Add component (AddParameter): Name = "Kataloški broj"; Value = "9341480"; VariantName = "[No Variations]"
Add component (AddParameter): Name = "Opis komponente"; Value = "Through Hole Resistor, 2 kohm, MF25 Series, 250 mW, ± 1%, Axial Leaded, 250 V"; VariantName = "[No Variations]"
Add component (AddParameter): Name = "PackageReference"; Value = "AXIAL-0.4"; VariantName = "[No Variations]"
Add component (AddParameter): Name = "Proizvoðaè"; Value = "MULTICOMP "; VariantName = "[No Variations]"
Add component (AddParameter): Name = "Value"; Value = "2K"; VariantName = "[No Variations]"
Added Component: Designator=R8(AXIAL-0.4)
Add component. Clean all parameters for all variants
Add component (AddParameter): Name = "Cijena"; Value = "0.26 kn"; VariantName = "[No Variations]"
Add component (AddParameter): Name = "Katalog dobavljaèa"; Value = "Farnell"; VariantName = "[No Variations]"
Add component (AddParameter): Name = "Kataloški broj"; Value = "9341951"; VariantName = "[No Variations]"
Add component (AddParameter): Name = "Opis komponente"; Value = "Through Hole Resistor, 4.7 kohm, MF25 Series, 250 mW, ± 1%, Axial Leaded, 250 V"; VariantName = "[No Variations]"
Add component (AddParameter): Name = "PackageReference"; Value = "AXIAL-0.4"; VariantName = "[No Variations]"
Add component (AddParameter): Name = "Proizvoðaè"; Value = "MULTICOMP "; VariantName = "[No Variations]"
Add component (AddParameter): Name = "Value"; Value = "4K7"; VariantName = "[No Variations]"
Added Component: Designator=R9(AXIAL-0.4)
Add component. Clean all parameters for all variants
Add component (AddParameter): Name = "Cijena"; Value = "0.26 kn"; VariantName = "[No Variations]"
Add component (AddParameter): Name = "Katalog dobavljaèa"; Value = "Farnell"; VariantName = "[No Variations]"
Add component (AddParameter): Name = "Kataloški broj"; Value = "9342273"; VariantName = "[No Variations]"
Add component (AddParameter): Name = "Opis komponente"; Value = "Through Hole Resistor, 8.2 kohm, MF25 Series, 250 mW, ± 1%, Axial Leaded, 250 V"; VariantName = "[No Variations]"
Add component (AddParameter): Name = "PackageReference"; Value = "AXIAL-0.4"; VariantName = "[No Variations]"
Add component (AddParameter): Name = "Proizvoðaè"; Value = "MULTICOMP "; VariantName = "[No Variations]"
Add component (AddParameter): Name = "Value"; Value = "8K2"; VariantName = "[No Variations]"
Added Component: Designator=R10(AXIAL-0.4)
Add component. Clean all parameters for all variants
Add component (AddParameter): Name = "Cijena"; Value = "0.26 kn"; VariantName = "[No Variations]"
Add component (AddParameter): Name = "Katalog dobavljaèa"; Value = "Farnell"; VariantName = "[No Variations]"
Add component (AddParameter): Name = "Kataloški broj"; Value = "9341102"; VariantName = "[No Variations]"
Add component (AddParameter): Name = "Opis komponente"; Value = "Through Hole Resistor, 1 kohm, MF25 Series, 250 mW, ± 1%, Axial Leaded, 250 V"; VariantName = "[No Variations]"
Add component (AddParameter): Name = "PackageReference"; Value = "AXIAL-0.4"; VariantName = "[No Variations]"
Add component (AddParameter): Name = "Proizvoðaè"; Value = "MULTICOMP "; VariantName = "[No Variations]"
Add component (AddParameter): Name = "Value"; Value = "1K"; VariantName = "[No Variations]"
Added Component: Designator=R11(AXIAL-0.4)
Add component. Clean all parameters for all variants
Add component (AddParameter): Name = "Cijena"; Value = "0.26 kn"; VariantName = "[No Variations]"
Add component (AddParameter): Name = "Katalog dobavljaèa"; Value = "Farnell"; VariantName = "[No Variations]"
Add component (AddParameter): Name = "Kataloški broj"; Value = "9341480"; VariantName = "[No Variations]"
Add component (AddParameter): Name = "Opis komponente"; Value = "Through Hole Resistor, 2 kohm, MF25 Series, 250 mW, ± 1%, Axial Leaded, 250 V"; VariantName = "[No Variations]"
Add component (AddParameter): Name = "PackageReference"; Value = "AXIAL-0.4"; VariantName = "[No Variations]"
Add component (AddParameter): Name = "Proizvoðaè"; Value = "MULTICOMP "; VariantName = "[No Variations]"
Add component (AddParameter): Name = "Value"; Value = "2K"; VariantName = "[No Variations]"
Added Component: Designator=R12(AXIAL-0.4)
Add component. Clean all parameters for all variants
Add component (AddParameter): Name = "Cijena"; Value = "0.26 kn"; VariantName = "[No Variations]"
Add component (AddParameter): Name = "Katalog dobavljaèa"; Value = "Farnell"; VariantName = "[No Variations]"
Add component (AddParameter): Name = "Kataloški broj"; Value = "9341951"; VariantName = "[No Variations]"
Add component (AddParameter): Name = "Opis komponente"; Value = "Through Hole Resistor, 4.7 kohm, MF25 Series, 250 mW, ± 1%, Axial Leaded, 250 V"; VariantName = "[No Variations]"
Add component (AddParameter): Name = "PackageReference"; Value = "AXIAL-0.4"; VariantName = "[No Variations]"
Add component (AddParameter): Name = "Proizvoðaè"; Value = "MULTICOMP "; VariantName = "[No Variations]"
Add component (AddParameter): Name = "Value"; Value = "4K7"; VariantName = "[No Variations]"
Added Component: Designator=R13(AXIAL-0.4)
Add component. Clean all parameters for all variants
Add component (AddParameter): Name = "Cijena"; Value = "0.26 kn"; VariantName = "[No Variations]"
Add component (AddParameter): Name = "Katalog dobavljaèa"; Value = "Farnell"; VariantName = "[No Variations]"
Add component (AddParameter): Name = "Kataloški broj"; Value = "9342273"; VariantName = "[No Variations]"
Add component (AddParameter): Name = "Opis komponente"; Value = "Through Hole Resistor, 8.2 kohm, MF25 Series, 250 mW, ± 1%, Axial Leaded, 250 V"; VariantName = "[No Variations]"
Add component (AddParameter): Name = "PackageReference"; Value = "AXIAL-0.4"; VariantName = "[No Variations]"
Add component (AddParameter): Name = "Proizvoðaè"; Value = "MULTICOMP "; VariantName = "[No Variations]"
Add component (AddParameter): Name = "Value"; Value = "8K2"; VariantName = "[No Variations]"
Added Component: Designator=R14(AXIAL-0.4)
Add component. Clean all parameters for all variants
Add component (AddParameter): Name = "Cijena"; Value = "0.26 kn"; VariantName = "[No Variations]"
Add component (AddParameter): Name = "Katalog dobavljaèa"; Value = "Farnell"; VariantName = "[No Variations]"
Add component (AddParameter): Name = "Kataloški broj"; Value = "9341951  "; VariantName = "[No Variations]"
Add component (AddParameter): Name = "Opis komponente"; Value = "Through Hole Resistor, 4.7 kohm, MF25 Series, 250 mW, ± 1%, Axial Leaded, 250 V  "; VariantName = "[No Variations]"
Add component (AddParameter): Name = "PackageReference"; Value = "AXIAL-0.4"; VariantName = "[No Variations]"
Add component (AddParameter): Name = "Proizvoðaè"; Value = "MULTICOMP "; VariantName = "[No Variations]"
Add component (AddParameter): Name = "Value"; Value = "4K7"; VariantName = "[No Variations]"
Added Component: Designator=R15(AXIAL-0.4)
Add component. Clean all parameters for all variants
Add component (AddParameter): Name = "Cijena"; Value = "0.26 kn"; VariantName = "[No Variations]"
Add component (AddParameter): Name = "Katalog dobavljaèa"; Value = "Farnell"; VariantName = "[No Variations]"
Add component (AddParameter): Name = "Kataloški broj"; Value = "9341951  "; VariantName = "[No Variations]"
Add component (AddParameter): Name = "Opis komponente"; Value = "Through Hole Resistor, 4.7 kohm, MF25 Series, 250 mW, ± 1%, Axial Leaded, 250 V  "; VariantName = "[No Variations]"
Add component (AddParameter): Name = "PackageReference"; Value = "AXIAL-0.4"; VariantName = "[No Variations]"
Add component (AddParameter): Name = "Proizvoðaè"; Value = "MULTICOMP "; VariantName = "[No Variations]"
Add component (AddParameter): Name = "Value"; Value = "4K7"; VariantName = "[No Variations]"
Added Component: Designator=S1(SWITCH)
Add component. Clean all parameters for all variants
Add component (AddParameter): Name = "Cijena"; Value = "1.21 kn"; VariantName = "[No Variations]"
Add component (AddParameter): Name = "Katalog dobavljaèa"; Value = "Farnell"; VariantName = "[No Variations]"
Add component (AddParameter): Name = "Kataloški broj"; Value = "9471731"; VariantName = "[No Variations]"
Add component (AddParameter): Name = "Opis komponente"; Value = "Tactile Switch, MCDTS6 Series, Top Actuated, Through Hole, Round Button, 160 gf, 50mA at 12VDC"; VariantName = "[No Variations]"
Add component (AddParameter): Name = "PackageReference"; Value = "SPST-2"; VariantName = "[No Variations]"
Add component (AddParameter): Name = "Proizvoðaè"; Value = "MULTICOMP"; VariantName = "[No Variations]"
Added Component: Designator=S2(SWITCH)
Add component. Clean all parameters for all variants
Add component (AddParameter): Name = "Cijena"; Value = "1.21 kn"; VariantName = "[No Variations]"
Add component (AddParameter): Name = "Katalog dobavljaèa"; Value = "Farnell"; VariantName = "[No Variations]"
Add component (AddParameter): Name = "Kataloški broj"; Value = "9471731"; VariantName = "[No Variations]"
Add component (AddParameter): Name = "Opis komponente"; Value = "Tactile Switch, MCDTS6 Series, Top Actuated, Through Hole, Round Button, 160 gf, 50mA at 12VDC"; VariantName = "[No Variations]"
Add component (AddParameter): Name = "PackageReference"; Value = "SPST-2"; VariantName = "[No Variations]"
Add component (AddParameter): Name = "Proizvoðaè"; Value = "MULTICOMP"; VariantName = "[No Variations]"
Added Component: Designator=S3(SWITCH)
Add component. Clean all parameters for all variants
Add component (AddParameter): Name = "Cijena"; Value = "1.21 kn"; VariantName = "[No Variations]"
Add component (AddParameter): Name = "Katalog dobavljaèa"; Value = "Farnell"; VariantName = "[No Variations]"
Add component (AddParameter): Name = "Kataloški broj"; Value = "9471731"; VariantName = "[No Variations]"
Add component (AddParameter): Name = "Opis komponente"; Value = "Tactile Switch, MCDTS6 Series, Top Actuated, Through Hole, Round Button, 160 gf, 50mA at 12VDC"; VariantName = "[No Variations]"
Add component (AddParameter): Name = "PackageReference"; Value = "SPST-2"; VariantName = "[No Variations]"
Add component (AddParameter): Name = "Proizvoðaè"; Value = "MULTICOMP"; VariantName = "[No Variations]"
Added Component: Designator=X1(JACK)
Add component. Clean all parameters for all variants
Add component (AddParameter): Name = "Cijena"; Value = "4.41 kn"; VariantName = "[No Variations]"
Add component (AddParameter): Name = "Katalog dobavljaèa"; Value = "Farnell"; VariantName = "[No Variations]"
Add component (AddParameter): Name = "Kataloški broj"; Value = "2817595"; VariantName = "[No Variations]"
Add component (AddParameter): Name = "Opis komponente"; Value = "RCA (Phono) Audio / Video Connector, PCB, 1 Position, 2 Contacts, Jack"; VariantName = "[No Variations]"
Add component (AddParameter): Name = "Proizvoðaè"; Value = "CLIFF ELECTRONIC COMPONENTS"; VariantName = "[No Variations]"
Added Component: Designator=X2(JACK)
Add component. Clean all parameters for all variants
Add component (AddParameter): Name = "Cijena"; Value = "4.41 kn"; VariantName = "[No Variations]"
Add component (AddParameter): Name = "Katalog dobavljaèa"; Value = "Farnell"; VariantName = "[No Variations]"
Add component (AddParameter): Name = "Kataloški broj"; Value = "2817595"; VariantName = "[No Variations]"
Add component (AddParameter): Name = "Opis komponente"; Value = "RCA (Phono) Audio / Video Connector, PCB, 1 Position, 2 Contacts, Jack"; VariantName = "[No Variations]"
Add component (AddParameter): Name = "Proizvoðaè"; Value = "CLIFF ELECTRONIC COMPONENTS"; VariantName = "[No Variations]"
Added Component: Designator=X3(JACK)
Add component. Clean all parameters for all variants
Add component (AddParameter): Name = "Cijena"; Value = "4.41 kn"; VariantName = "[No Variations]"
Add component (AddParameter): Name = "Katalog dobavljaèa"; Value = "Farnell"; VariantName = "[No Variations]"
Add component (AddParameter): Name = "Kataloški broj"; Value = "2817595"; VariantName = "[No Variations]"
Add component (AddParameter): Name = "Opis komponente"; Value = "RCA (Phono) Audio / Video Connector, PCB, 1 Position, 2 Contacts, Jack"; VariantName = "[No Variations]"
Add component (AddParameter): Name = "Proizvoðaè"; Value = "CLIFF ELECTRONIC COMPONENTS"; VariantName = "[No Variations]"
Added Component: Designator=X4(JACK)
Add component. Clean all parameters for all variants
Add component (AddParameter): Name = "Cijena"; Value = "4.41 kn"; VariantName = "[No Variations]"
Add component (AddParameter): Name = "Katalog dobavljaèa"; Value = "Farnell"; VariantName = "[No Variations]"
Add component (AddParameter): Name = "Kataloški broj"; Value = "2817595"; VariantName = "[No Variations]"
Add component (AddParameter): Name = "Opis komponente"; Value = "RCA (Phono) Audio / Video Connector, PCB, 1 Position, 2 Contacts, Jack"; VariantName = "[No Variations]"
Add component (AddParameter): Name = "Proizvoðaè"; Value = "CLIFF ELECTRONIC COMPONENTS"; VariantName = "[No Variations]"
Added Component: Designator=X5(BAT-2)
Add component. Clean all parameters for all variants
Add component (AddParameter): Name = "Cijena"; Value = "4.53 kn"; VariantName = "[No Variations]"
Add component (AddParameter): Name = "Katalog dobavljaèa"; Value = "Farnell"; VariantName = "[No Variations]"
Add component (AddParameter): Name = "Kataloški broj"; Value = "2112482"; VariantName = "[No Variations]"
Add component (AddParameter): Name = "Opis komponente"; Value = "Wire-To-Board Terminal Block, 2.54 mm, 2 Ways, 30 AWG, 16 AWG, 1.4 mm2"; VariantName = "[No Variations]"
Add component (AddParameter): Name = "Proizvoðaè"; Value = "BUCHANAN - TE CONNECTIVITY"; VariantName = "[No Variations]"
Added Pin To Net: NetName=A Pin=D2-3
Added Pin To Net: NetName=A Pin=D3-13
Added Pin To Net: NetName=A Pin=D4-13
Added Net: Name=A
Added Pin To Net: NetName=B Pin=D2-2
Added Pin To Net: NetName=B Pin=D3-5
Added Pin To Net: NetName=B Pin=D4-5
Added Net: Name=B
Added Pin To Net: NetName=C Pin=D2-6
Added Pin To Net: NetName=C Pin=D3-6
Added Pin To Net: NetName=C Pin=D4-6
Added Net: Name=C
Added Pin To Net: NetName=D Pin=D2-7
Added Pin To Net: NetName=D Pin=D3-12
Added Pin To Net: NetName=D Pin=D4-12
Added Net: Name=D
Added Pin To Net: NetName=GND Pin=A1-2
Added Pin To Net: NetName=GND Pin=C1-2
Added Pin To Net: NetName=GND Pin=C2-1
Added Pin To Net: NetName=GND Pin=C101-1
Added Pin To Net: NetName=GND Pin=C102-1
Added Pin To Net: NetName=GND Pin=C103-1
Added Pin To Net: NetName=GND Pin=C104-1
Added Pin To Net: NetName=GND Pin=C105-2
Added Pin To Net: NetName=GND Pin=C106-2
Added Pin To Net: NetName=GND Pin=C107-2
Added Pin To Net: NetName=GND Pin=D1-1
Added Pin To Net: NetName=GND Pin=D2-1
Added Pin To Net: NetName=GND Pin=D2-8
Added Pin To Net: NetName=GND Pin=D2-9
Added Pin To Net: NetName=GND Pin=D2-10
Added Pin To Net: NetName=GND Pin=D2-15
Added Pin To Net: NetName=GND Pin=D3-7
Added Pin To Net: NetName=GND Pin=D4-7
Added Pin To Net: NetName=GND Pin=R5-1
Added Pin To Net: NetName=GND Pin=R14-1
Added Pin To Net: NetName=GND Pin=R15-1
Added Pin To Net: NetName=GND Pin=X1-2
Added Pin To Net: NetName=GND Pin=X2-2
Added Pin To Net: NetName=GND Pin=X3-2
Added Pin To Net: NetName=GND Pin=X4-2
Added Pin To Net: NetName=GND Pin=X5-2
Added Net: Name=GND
Added Pin To Net: NetName=NetA1_1 Pin=A1-1
Added Pin To Net: NetName=NetA1_1 Pin=C107-1
Added Pin To Net: NetName=NetA1_1 Pin=X5-1
Added Net: Name=NetA1_1
Added Pin To Net: NetName=NetC1_1 Pin=C1-1
Added Pin To Net: NetName=NetC1_1 Pin=D1-2
Added Pin To Net: NetName=NetC1_1 Pin=D1-6
Added Pin To Net: NetName=NetC1_1 Pin=R2-1
Added Net: Name=NetC1_1
Added Pin To Net: NetName=NetC2_2 Pin=C2-2
Added Pin To Net: NetName=NetC2_2 Pin=D1-5
Added Net: Name=NetC2_2
Added Pin To Net: NetName=NetD1_3 Pin=D1-3
Added Pin To Net: NetName=NetD1_3 Pin=S1-1
Added Pin To Net: NetName=NetD1_3 Pin=S2-1
Added Net: Name=NetD1_3
Added Pin To Net: NetName=NetD1_7 Pin=D1-7
Added Pin To Net: NetName=NetD1_7 Pin=R1-2
Added Pin To Net: NetName=NetD1_7 Pin=R2-2
Added Net: Name=NetD1_7
Added Pin To Net: NetName=NetD2_4 Pin=D2-4
Added Pin To Net: NetName=NetD2_4 Pin=R4-1
Added Pin To Net: NetName=NetD2_4 Pin=S2-2
Added Net: Name=NetD2_4
Added Pin To Net: NetName=NetD2_5 Pin=D2-5
Added Pin To Net: NetName=NetD2_5 Pin=R3-1
Added Pin To Net: NetName=NetD2_5 Pin=S1-2
Added Net: Name=NetD2_5
Added Pin To Net: NetName=NetD2_14 Pin=D2-14
Added Pin To Net: NetName=NetD2_14 Pin=R5-2
Added Pin To Net: NetName=NetD2_14 Pin=S3-1
Added Net: Name=NetD2_14
Added Pin To Net: NetName=NetD3_1 Pin=D3-1
Added Pin To Net: NetName=NetD3_1 Pin=R6-2
Added Pin To Net: NetName=NetD3_1 Pin=X1-1
Added Net: Name=NetD3_1
Added Pin To Net: NetName=NetD3_2 Pin=D3-2
Added Pin To Net: NetName=NetD3_2 Pin=D3-3
Added Pin To Net: NetName=NetD3_2 Pin=R6-1
Added Pin To Net: NetName=NetD3_2 Pin=R7-2
Added Net: Name=NetD3_2
Added Pin To Net: NetName=NetD3_4 Pin=D3-4
Added Pin To Net: NetName=NetD3_4 Pin=D3-8
Added Pin To Net: NetName=NetD3_4 Pin=R7-1
Added Pin To Net: NetName=NetD3_4 Pin=R8-2
Added Net: Name=NetD3_4
Added Pin To Net: NetName=NetD3_9 Pin=D3-9
Added Pin To Net: NetName=NetD3_9 Pin=D3-10
Added Pin To Net: NetName=NetD3_9 Pin=R8-1
Added Pin To Net: NetName=NetD3_9 Pin=R9-2
Added Net: Name=NetD3_9
Added Pin To Net: NetName=NetD3_11 Pin=D3-11
Added Pin To Net: NetName=NetD3_11 Pin=R9-1
Added Pin To Net: NetName=NetD3_11 Pin=R14-2
Added Pin To Net: NetName=NetD3_11 Pin=X3-1
Added Net: Name=NetD3_11
Added Pin To Net: NetName=NetD4_1 Pin=D4-1
Added Pin To Net: NetName=NetD4_1 Pin=R10-2
Added Pin To Net: NetName=NetD4_1 Pin=X2-1
Added Net: Name=NetD4_1
Added Pin To Net: NetName=NetD4_2 Pin=D4-2
Added Pin To Net: NetName=NetD4_2 Pin=D4-3
Added Pin To Net: NetName=NetD4_2 Pin=R10-1
Added Pin To Net: NetName=NetD4_2 Pin=R11-2
Added Net: Name=NetD4_2
Added Pin To Net: NetName=NetD4_4 Pin=D4-4
Added Pin To Net: NetName=NetD4_4 Pin=D4-8
Added Pin To Net: NetName=NetD4_4 Pin=R11-1
Added Pin To Net: NetName=NetD4_4 Pin=R12-2
Added Net: Name=NetD4_4
Added Pin To Net: NetName=NetD4_9 Pin=D4-9
Added Pin To Net: NetName=NetD4_9 Pin=D4-10
Added Pin To Net: NetName=NetD4_9 Pin=R12-1
Added Pin To Net: NetName=NetD4_9 Pin=R13-2
Added Net: Name=NetD4_9
Added Pin To Net: NetName=NetD4_11 Pin=D4-11
Added Pin To Net: NetName=NetD4_11 Pin=R13-1
Added Pin To Net: NetName=NetD4_11 Pin=R15-2
Added Pin To Net: NetName=NetD4_11 Pin=X4-1
Added Net: Name=NetD4_11
Added Pin To Net: NetName=VCC Pin=A1-3
Added Pin To Net: NetName=VCC Pin=C101-2
Added Pin To Net: NetName=VCC Pin=C102-2
Added Pin To Net: NetName=VCC Pin=C103-2
Added Pin To Net: NetName=VCC Pin=C104-2
Added Pin To Net: NetName=VCC Pin=C105-1
Added Pin To Net: NetName=VCC Pin=C106-1
Added Pin To Net: NetName=VCC Pin=D1-4
Added Pin To Net: NetName=VCC Pin=D1-8
Added Pin To Net: NetName=VCC Pin=D2-11
Added Pin To Net: NetName=VCC Pin=D2-16
Added Pin To Net: NetName=VCC Pin=D3-14
Added Pin To Net: NetName=VCC Pin=D4-14
Added Pin To Net: NetName=VCC Pin=R1-1
Added Pin To Net: NetName=VCC Pin=R3-2
Added Pin To Net: NetName=VCC Pin=R4-2
Added Pin To Net: NetName=VCC Pin=S3-2
Added Net: Name=VCC
Added Class: Name=Markovic_Mario
Added Room: Name=Markovic_Mario
