Replace Part A1 Volt Reg in D:\mario_markovic\Markovic_Mario\Markovic_Mario.SchDoc with Volt Reg from Miscellaneous Devices.IntLib
Replace Part C1 Cap Pol1 in D:\mario_markovic\Markovic_Mario\Markovic_Mario.SchDoc with Cap Pol1 from Miscellaneous Devices.IntLib
Replace Part C2 Cap in D:\mario_markovic\Markovic_Mario\Markovic_Mario.SchDoc with Cap from Miscellaneous Devices.IntLib
Replace Part C101 Cap in D:\mario_markovic\Markovic_Mario\Markovic_Mario.SchDoc with Cap from Miscellaneous Devices.IntLib
Replace Part C102 Cap in D:\mario_markovic\Markovic_Mario\Markovic_Mario.SchDoc with Cap from Miscellaneous Devices.IntLib
Replace Part C103 Cap in D:\mario_markovic\Markovic_Mario\Markovic_Mario.SchDoc with Cap from Miscellaneous Devices.IntLib
Replace Part C104 Cap in D:\mario_markovic\Markovic_Mario\Markovic_Mario.SchDoc with Cap from Miscellaneous Devices.IntLib
Replace Part C105 Elektrolitski kondenzator in D:\mario_markovic\Markovic_Mario\Markovic_Mario.SchDoc with Elektrolitski kondenzator from Markovic_Mario.SchLib
Replace Part C106 Elektrolitski kondenzator in D:\mario_markovic\Markovic_Mario\Markovic_Mario.SchDoc with Elektrolitski kondenzator from Markovic_Mario.SchLib
Replace Part D1 7555 in D:\mario_markovic\Markovic_Mario\Markovic_Mario.SchDoc with 7555 from Markovic_Mario.SchLib
Replace Part D2 74193 in D:\mario_markovic\Markovic_Mario\Markovic_Mario.SchDoc with 74193 from Markovic_Mario.SchLib
Replace Part D3 4066 in D:\mario_markovic\Markovic_Mario\Markovic_Mario.SchDoc with 4066 from Markovic_Mario.SchLib
Replace Part D4 4066 in D:\mario_markovic\Markovic_Mario\Markovic_Mario.SchDoc with 4066 from Markovic_Mario.SchLib
Replace Part R1 Res2 in D:\mario_markovic\Markovic_Mario\Markovic_Mario.SchDoc with Res2 from Miscellaneous Devices.IntLib
Replace Part R2 Res2 in D:\mario_markovic\Markovic_Mario\Markovic_Mario.SchDoc with Res2 from Miscellaneous Devices.IntLib
Replace Part R3 Res2 in D:\mario_markovic\Markovic_Mario\Markovic_Mario.SchDoc with Res2 from Miscellaneous Devices.IntLib
Replace Part R4 Res2 in D:\mario_markovic\Markovic_Mario\Markovic_Mario.SchDoc with Res2 from Miscellaneous Devices.IntLib
Replace Part R5 Res2 in D:\mario_markovic\Markovic_Mario\Markovic_Mario.SchDoc with Res2 from Miscellaneous Devices.IntLib
Replace Part R6 Res2 in D:\mario_markovic\Markovic_Mario\Markovic_Mario.SchDoc with Res2 from Miscellaneous Devices.IntLib
Replace Part R7 Res2 in D:\mario_markovic\Markovic_Mario\Markovic_Mario.SchDoc with Res2 from Miscellaneous Devices.IntLib
Replace Part R8 Res2 in D:\mario_markovic\Markovic_Mario\Markovic_Mario.SchDoc with Res2 from Miscellaneous Devices.IntLib
Replace Part R9 Res2 in D:\mario_markovic\Markovic_Mario\Markovic_Mario.SchDoc with Res2 from Miscellaneous Devices.IntLib
Replace Part R10 Res2 in D:\mario_markovic\Markovic_Mario\Markovic_Mario.SchDoc with Res2 from Miscellaneous Devices.IntLib
Replace Part R11 Res2 in D:\mario_markovic\Markovic_Mario\Markovic_Mario.SchDoc with Res2 from Miscellaneous Devices.IntLib
Replace Part R12 Res2 in D:\mario_markovic\Markovic_Mario\Markovic_Mario.SchDoc with Res2 from Miscellaneous Devices.IntLib
Replace Part R13 Res2 in D:\mario_markovic\Markovic_Mario\Markovic_Mario.SchDoc with Res2 from Miscellaneous Devices.IntLib
Replace Part R14 Res2 in D:\mario_markovic\Markovic_Mario\Markovic_Mario.SchDoc with Res2 from Miscellaneous Devices.IntLib
Replace Part R15 Res2 in D:\mario_markovic\Markovic_Mario\Markovic_Mario.SchDoc with Res2 from Miscellaneous Devices.IntLib
Replace Part S1 SW-PB in D:\mario_markovic\Markovic_Mario\Markovic_Mario.SchDoc with SW-PB from Miscellaneous Devices.IntLib
Replace Part S2 SW-PB in D:\mario_markovic\Markovic_Mario\Markovic_Mario.SchDoc with SW-PB from Miscellaneous Devices.IntLib
Replace Part S3 SW-PB in D:\mario_markovic\Markovic_Mario\Markovic_Mario.SchDoc with SW-PB from Miscellaneous Devices.IntLib
Replace Part X1 Konektor in D:\mario_markovic\Markovic_Mario\Markovic_Mario.SchDoc with Konektor from Markovic_Mario.SchLib
Replace Part X2 Konektor in D:\mario_markovic\Markovic_Mario\Markovic_Mario.SchDoc with Konektor from Markovic_Mario.SchLib
Replace Part X3 Konektor in D:\mario_markovic\Markovic_Mario\Markovic_Mario.SchDoc with Konektor from Markovic_Mario.SchLib
Replace Part X4 Konektor in D:\mario_markovic\Markovic_Mario\Markovic_Mario.SchDoc with Konektor from Markovic_Mario.SchLib
Replace Part X5 Header 2 in D:\mario_markovic\Markovic_Mario\Markovic_Mario.SchDoc with Header 2 from Miscellaneous Connectors.IntLib
